2017-08-10 18:42:26,021 - autoExportReport - INFO - start exporting report of year month: 201707
2017-08-10 18:42:26,022 - autoExportReport - INFO - save Path: C:\Users\I310003\Documents\SAP\Projects\PEA\Automatical\reports\201707.dat
2017-08-10 18:42:26,027 - autoExportReport - INFO - start SAPGUI
2017-08-10 18:42:50,068 - autoExportReport - INFO - logon the ERP system
2017-08-10 18:53:00,619 - autoExportReport - INFO - start exporting report of year month: 201707
2017-08-10 18:53:00,620 - autoExportReport - INFO - save Path: C:\Users\I310003\Documents\SAP\Projects\PEA\Automatical\reports\201707.dat
2017-08-10 18:53:00,630 - autoExportReport - INFO - start SAPGUI
2017-08-10 18:56:20,038 - autoExportReport - INFO - start exporting report of year month: 201707
2017-08-10 18:56:20,038 - autoExportReport - INFO - save Path: C:\Users\I310003\Documents\SAP\Projects\PEA\Automatical\reports\201707.dat
2017-08-10 18:56:20,044 - autoExportReport - INFO - start SAPGUI
2017-08-10 18:56:44,116 - autoExportReport - INFO - logon the DED ERP system
2017-08-10 18:57:02,024 - autoExportReport - INFO - run the zglr003 report
2017-08-10 18:57:02,025 - autoExportReport - INFO - type in parameters for export reports
2017-08-10 18:57:34,490 - autoExportReport - INFO - Cost 0:00:00.442103to run the report.
2017-08-10 18:58:11,583 - autoExportReport - INFO - save report of 201707
2017-08-10 18:58:16,778 - autoExportReport - INFO - 201707.dat already exist2.
2017-08-10 18:58:49,796 - autoExportReport - INFO - close SAPGUI
2017-08-10 18:58:49,798 - autoExportReport - INFO - start exporting report of year month: 201706
2017-08-10 18:58:49,798 - autoExportReport - INFO - save Path: C:\Users\I310003\Documents\SAP\Projects\PEA\Automatical\reports\201706.dat
2017-08-10 18:58:49,812 - autoExportReport - INFO - start SAPGUI
2017-08-10 19:10:25,098 - autoExportReport - INFO - start exporting report of year month: 201501
2017-08-10 19:10:25,099 - autoExportReport - INFO - save Path: C:\Users\I310003\Documents\SAP\Projects\PEA\Automatical\reports\201501.dat
2017-08-10 19:10:25,108 - autoExportReport - INFO - start SAPGUI
2017-08-10 19:10:49,255 - autoExportReport - INFO - logon the DED ERP system
2017-08-10 19:11:07,067 - autoExportReport - INFO - run the zglr003 report
2017-08-10 19:11:07,067 - autoExportReport - INFO - type in parameters for export reports
2017-08-10 19:11:39,600 - autoExportReport - INFO - Cost 0:00:00.506990to run the report.
2017-08-10 21:47:01,951 - autoExportReport - INFO - start exporting report of year month: 201707
2017-08-10 21:47:01,952 - autoExportReport - INFO - save Path: C:\Users\I310003\Documents\SAP\Projects\PEA\Automatical\reports\201707.dat
2017-08-10 21:47:01,958 - autoExportReport - INFO - start SAPGUI
2017-08-10 21:48:59,990 - autoExportReport - INFO - start exporting report of year month: 201707
2017-08-10 21:48:59,990 - autoExportReport - INFO - save Path: C:\Users\I310003\Documents\SAP\Projects\PEA\Automatical\reports\201707.dat
2017-08-10 21:48:59,995 - autoExportReport - INFO - start SAPGUI
2017-08-10 21:49:24,176 - autoExportReport - INFO - logon the DED ERP system
2017-08-10 21:50:13,895 - autoExportReport - INFO - start exporting report of year month: 201707
2017-08-10 21:50:13,895 - autoExportReport - INFO - save Path: C:\Users\I310003\Documents\SAP\Projects\PEA\Automatical\reports\201707.dat
2017-08-10 21:50:13,904 - autoExportReport - INFO - start SAPGUI
2017-08-10 21:56:20,922 - autoExportReport - INFO - start exporting report of year month: 201707
2017-08-10 21:56:20,922 - autoExportReport - INFO - save Path: C:\Users\I310003\Documents\SAP\Projects\PEA\Automatical\reports\201707.dat
2017-08-10 21:56:20,928 - autoExportReport - INFO - start SAPGUI
2017-08-10 21:58:41,535 - autoExportReport - INFO - start exporting report of year month: 201707
2017-08-10 21:58:41,535 - autoExportReport - INFO - save Path: C:\Users\I310003\Documents\SAP\Projects\PEA\Automatical\reports\201707.dat
2017-08-10 21:58:41,541 - autoExportReport - INFO - start SAPGUI
2017-08-10 21:59:19,110 - autoExportReport - INFO - start exporting report of year month: 201707
2017-08-10 21:59:19,111 - autoExportReport - INFO - save Path: C:\Users\I310003\Documents\SAP\Projects\PEA\Automatical\reports\201707.dat
2017-08-10 21:59:19,117 - autoExportReport - INFO - start SAPGUI
2017-08-10 22:01:27,274 - autoExportReport - INFO - start exporting report of year month: 201707
2017-08-10 22:01:27,274 - autoExportReport - INFO - save Path: C:\Users\I310003\Documents\SAP\Projects\PEA\Automatical\reports\201707.dat
2017-08-10 22:01:27,280 - autoExportReport - INFO - start SAPGUI
2017-08-10 22:01:59,320 - autoExportReport - INFO - logon the DED ERP system
2017-08-10 22:42:34,947 - autoExportReport - INFO - start exporting report of year month: 201707
2017-08-10 22:42:34,947 - autoExportReport - INFO - save Path: C:\Users\I310003\Documents\SAP\Projects\PEA\Automatical\reports\201707.dat
2017-08-10 22:42:34,952 - autoExportReport - INFO - start SAPGUI
2017-08-10 22:43:07,063 - autoExportReport - INFO - logon the DED ERP system
2017-08-10 22:44:20,933 - autoExportReport - INFO - start exporting report of year month: 201707
2017-08-10 22:44:20,933 - autoExportReport - INFO - save Path: C:\Users\I310003\Documents\SAP\Projects\PEA\Automatical\reports\201707.dat
2017-08-10 22:44:20,939 - autoExportReport - INFO - start SAPGUI
2017-08-10 22:44:53,035 - autoExportReport - INFO - logon the DED ERP system
2017-08-10 22:46:38,773 - autoExportReport - INFO - start exporting report of year month: 201707
2017-08-10 22:46:38,773 - autoExportReport - INFO - save Path: C:\Users\I310003\Documents\SAP\Projects\PEA\Automatical\reports\201707.dat
2017-08-10 22:46:38,779 - autoExportReport - INFO - start SAPGUI
2017-08-10 22:47:10,875 - autoExportReport - INFO - logon the DED ERP system
2017-08-10 22:47:15,526 - autoExportReport - INFO - Waiting for Step confirm_logon loading ...
2017-08-10 22:47:19,755 - autoExportReport - INFO - Waiting for Step confirm_logon loading ...
2017-08-10 22:47:24,023 - autoExportReport - INFO - Waiting for Step confirm_logon loading ...
2017-08-10 22:47:28,240 - autoExportReport - INFO - Waiting for Step confirm_logon loading ...
2017-08-10 22:47:32,532 - autoExportReport - INFO - Waiting for Step confirm_logon loading ...
2017-08-10 22:47:36,749 - autoExportReport - INFO - Waiting for Step confirm_logon loading ...
2017-08-10 22:47:40,963 - autoExportReport - INFO - Waiting for Step confirm_logon loading ...
2017-08-10 22:47:45,224 - autoExportReport - INFO - Waiting for Step confirm_logon loading ...
2017-08-10 22:47:49,450 - autoExportReport - INFO - Waiting for Step confirm_logon loading ...
2017-08-10 22:47:53,784 - autoExportReport - INFO - Waiting for Step confirm_logon loading ...
2017-08-10 22:47:58,088 - autoExportReport - INFO - Waiting for Step confirm_logon loading ...
2017-08-10 22:48:02,364 - autoExportReport - INFO - Waiting for Step confirm_logon loading ...
2017-08-10 22:48:06,667 - autoExportReport - INFO - Waiting for Step confirm_logon loading ...
2017-08-10 22:48:10,935 - autoExportReport - INFO - Waiting for Step confirm_logon loading ...
2017-08-10 22:48:15,271 - autoExportReport - INFO - Waiting for Step confirm_logon loading ...
2017-08-10 22:48:19,532 - autoExportReport - INFO - Waiting for Step confirm_logon loading ...
2017-08-10 22:48:23,836 - autoExportReport - INFO - Waiting for Step confirm_logon loading ...
2017-08-10 22:48:28,106 - autoExportReport - INFO - Waiting for Step confirm_logon loading ...
2017-08-10 22:48:32,378 - autoExportReport - INFO - Waiting for Step confirm_logon loading ...
2017-08-10 22:48:36,718 - autoExportReport - INFO - Waiting for Step confirm_logon loading ...
2017-08-10 22:48:40,979 - autoExportReport - INFO - Waiting for Step confirm_logon loading ...
2017-08-10 22:48:45,311 - autoExportReport - INFO - Waiting for Step confirm_logon loading ...
2017-08-10 22:48:49,615 - autoExportReport - INFO - Waiting for Step confirm_logon loading ...
2017-08-10 22:48:53,909 - autoExportReport - INFO - Waiting for Step confirm_logon loading ...
2017-08-10 22:48:58,266 - autoExportReport - INFO - Waiting for Step confirm_logon loading ...
2017-08-10 22:49:02,561 - autoExportReport - INFO - Waiting for Step confirm_logon loading ...
2017-08-10 22:49:06,859 - autoExportReport - INFO - Waiting for Step confirm_logon loading ...
2017-08-10 22:49:11,179 - autoExportReport - INFO - Waiting for Step confirm_logon loading ...
2017-08-10 22:49:15,501 - autoExportReport - INFO - Waiting for Step confirm_logon loading ...
2017-08-10 22:49:19,865 - autoExportReport - INFO - Waiting for Step confirm_logon loading ...
2017-08-10 22:49:24,228 - autoExportReport - INFO - Waiting for Step confirm_logon loading ...
2017-08-10 22:49:28,493 - autoExportReport - INFO - Waiting for Step confirm_logon loading ...
2017-08-10 22:49:32,799 - autoExportReport - INFO - Waiting for Step confirm_logon loading ...
2017-08-10 22:49:37,084 - autoExportReport - INFO - Waiting for Step confirm_logon loading ...
2017-08-10 22:49:41,336 - autoExportReport - INFO - Waiting for Step confirm_logon loading ...
2017-08-10 22:49:45,710 - autoExportReport - INFO - Waiting for Step confirm_logon loading ...
2017-08-10 22:49:50,007 - autoExportReport - INFO - Waiting for Step confirm_logon loading ...
2017-08-10 22:49:54,301 - autoExportReport - INFO - Waiting for Step confirm_logon loading ...
2017-08-10 22:49:58,593 - autoExportReport - INFO - Waiting for Step confirm_logon loading ...
2017-08-10 22:50:02,842 - autoExportReport - INFO - Waiting for Step confirm_logon loading ...
2017-08-10 22:50:07,138 - autoExportReport - INFO - Waiting for Step confirm_logon loading ...
2017-08-10 22:50:11,385 - autoExportReport - INFO - Waiting for Step confirm_logon loading ...
2017-08-10 22:50:15,672 - autoExportReport - INFO - Waiting for Step confirm_logon loading ...
2017-08-10 22:50:20,355 - autoExportReport - INFO - Waiting for Step confirm_logon loading ...
2017-08-10 22:50:24,637 - autoExportReport - INFO - Waiting for Step confirm_logon loading ...
2017-08-10 22:50:28,968 - autoExportReport - INFO - Waiting for Step confirm_logon loading ...
2017-08-10 22:50:33,274 - autoExportReport - INFO - Waiting for Step confirm_logon loading ...
2017-08-10 22:50:37,515 - autoExportReport - INFO - Waiting for Step confirm_logon loading ...
2017-08-10 22:50:41,898 - autoExportReport - INFO - Waiting for Step confirm_logon loading ...
2017-08-10 22:50:46,244 - autoExportReport - INFO - Waiting for Step confirm_logon loading ...
2017-08-10 22:50:50,531 - autoExportReport - INFO - Waiting for Step confirm_logon loading ...
2017-08-10 22:50:54,917 - autoExportReport - INFO - Waiting for Step confirm_logon loading ...
2017-08-10 22:50:59,205 - autoExportReport - INFO - Waiting for Step confirm_logon loading ...
2017-08-10 22:51:03,519 - autoExportReport - INFO - Waiting for Step confirm_logon loading ...
2017-08-10 22:51:07,760 - autoExportReport - INFO - Waiting for Step confirm_logon loading ...
2017-08-10 22:51:12,161 - autoExportReport - INFO - Waiting for Step confirm_logon loading ...
2017-08-10 22:51:16,626 - autoExportReport - INFO - Waiting for Step confirm_logon loading ...
2017-08-10 22:51:21,516 - autoExportReport - INFO - Waiting for Step confirm_logon loading ...
2017-08-10 22:51:25,008 - autoExportReport - INFO - Step confirm_logon completed!
2017-08-10 22:51:41,014 - autoExportReport - INFO - run the zglr003 report
2017-08-10 22:51:41,014 - autoExportReport - INFO - type in parameters for export reports
2017-08-10 23:07:54,062 - autoExportReport - INFO - start exporting report of year month: 201707
2017-08-10 23:07:54,062 - autoExportReport - INFO - save Path: C:\Users\I310003\Documents\SAP\Projects\PEA\Automatical\reports\201707.dat
2017-08-10 23:07:54,069 - autoExportReport - INFO - start SAPGUI
2017-08-10 23:08:18,128 - autoExportReport - INFO - logon the DED ERP system
2017-08-10 23:08:23,858 - autoExportReport - INFO - Step confirm_logon completed!
2017-08-10 23:08:36,867 - autoExportReport - INFO - run the zglr003 report
2017-08-10 23:08:36,867 - autoExportReport - INFO - type in parameters for export reports
2017-08-10 23:09:10,999 - autoExportReport - INFO - Cost 0:00:02.092600to run the report.
2017-08-10 23:09:48,156 - autoExportReport - INFO - save report of 201707
2017-08-10 23:09:53,307 - autoExportReport - INFO - 201707.dat already exist2.
2017-08-10 23:10:26,335 - autoExportReport - INFO - close SAPGUI
2017-08-10 23:10:26,335 - autoExportReport - INFO - start exporting report of year month: 201706
2017-08-10 23:10:26,335 - autoExportReport - INFO - save Path: C:\Users\I310003\Documents\SAP\Projects\PEA\Automatical\reports\201706.dat
2017-08-10 23:10:26,342 - autoExportReport - INFO - start SAPGUI
2017-08-10 23:12:58,307 - autoExportReport - INFO - start exporting report of year month: 201707
2017-08-10 23:12:58,307 - autoExportReport - INFO - save Path: C:\Users\I310003\Documents\SAP\Projects\PEA\Automatical\reports\201707.dat
2017-08-10 23:12:58,313 - autoExportReport - INFO - start SAPGUI
2017-08-10 23:13:22,444 - autoExportReport - INFO - logon the DED ERP system
2017-08-10 23:13:27,954 - autoExportReport - INFO - Step confirm_logon completed!
2017-08-10 23:13:40,958 - autoExportReport - INFO - run the zglr003 report
2017-08-10 23:13:40,958 - autoExportReport - INFO - type in parameters for export reports
2017-08-10 23:14:13,489 - autoExportReport - INFO - Cost 0:00:00.486056to run the report.
2017-08-10 23:14:50,607 - autoExportReport - INFO - save report of 201707
2017-08-10 23:14:55,913 - autoExportReport - INFO - 201707.dat already exist2.
2017-08-10 23:15:28,926 - autoExportReport - INFO - close SAPGUI
2017-08-10 23:15:28,927 - autoExportReport - INFO - start exporting report of year month: 201706
2017-08-10 23:15:28,928 - autoExportReport - INFO - save Path: C:\Users\I310003\Documents\SAP\Projects\PEA\Automatical\reports\201706.dat
2017-08-10 23:15:28,946 - autoExportReport - INFO - start SAPGUI
2017-08-10 23:15:53,080 - autoExportReport - INFO - logon the DED ERP system
2017-08-10 23:15:58,332 - autoExportReport - INFO - Step confirm_logon completed!
2017-08-10 23:16:11,339 - autoExportReport - INFO - run the zglr003 report
2017-08-10 23:16:11,339 - autoExportReport - INFO - type in parameters for export reports
2017-08-10 23:16:43,798 - autoExportReport - INFO - Cost 0:00:00.424609to run the report.
2017-08-10 23:17:20,957 - autoExportReport - INFO - save report of 201706
2017-08-10 23:17:26,239 - autoExportReport - INFO - 201706.dat already exist2.
2017-08-10 23:17:59,263 - autoExportReport - INFO - close SAPGUI
2017-08-10 23:17:59,264 - autoExportReport - INFO - start exporting report of year month: 201705
2017-08-10 23:17:59,264 - autoExportReport - INFO - save Path: C:\Users\I310003\Documents\SAP\Projects\PEA\Automatical\reports\201705.dat
2017-08-10 23:17:59,279 - autoExportReport - INFO - start SAPGUI
2017-08-10 23:18:23,352 - autoExportReport - INFO - logon the DED ERP system
2017-08-10 23:18:28,741 - autoExportReport - INFO - Step confirm_logon completed!
2017-08-10 23:18:41,753 - autoExportReport - INFO - run the zglr003 report
2017-08-10 23:18:41,753 - autoExportReport - INFO - type in parameters for export reports
2017-08-10 23:19:14,340 - autoExportReport - INFO - Cost 0:00:00.516124to run the report.
2017-08-10 23:19:51,464 - autoExportReport - INFO - save report of 201705
2017-08-10 23:19:56,653 - autoExportReport - INFO - 201705.dat already exist2.
2017-08-10 23:20:29,675 - autoExportReport - INFO - close SAPGUI
2017-08-10 23:20:29,676 - autoExportReport - INFO - start exporting report of year month: 201704
2017-08-10 23:20:29,677 - autoExportReport - INFO - save Path: C:\Users\I310003\Documents\SAP\Projects\PEA\Automatical\reports\201704.dat
2017-08-10 23:20:29,690 - autoExportReport - INFO - start SAPGUI
2017-08-10 23:20:50,397 - autoExportReport - INFO - start exporting report of year month: 201707
2017-08-10 23:20:50,397 - autoExportReport - INFO - save Path: C:\Users\I310003\Documents\SAP\Projects\PEA\Automatical\reports\201707.dat
2017-08-10 23:20:50,405 - autoExportReport - INFO - start SAPGUI
2017-08-10 23:21:06,502 - autoExportReport - INFO - logon the DED ERP system
2017-08-10 23:21:12,073 - autoExportReport - INFO - Step confirm_logon completed!
2017-08-10 23:21:22,082 - autoExportReport - INFO - run the zglr003 report
2017-08-10 23:21:22,082 - autoExportReport - INFO - type in parameters for export reports
2017-08-10 23:21:40,199 - autoExportReport - INFO - Cost 0:00:02.068322to run the report.
2017-08-10 23:22:00,327 - autoExportReport - INFO - save report of 201707
2017-08-10 23:22:05,519 - autoExportReport - INFO - 201707.dat already exist2.
2017-08-10 23:22:27,544 - autoExportReport - INFO - close SAPGUI
2017-08-10 23:22:27,544 - autoExportReport - INFO - start exporting report of year month: 201706
2017-08-10 23:22:27,544 - autoExportReport - INFO - save Path: C:\Users\I310003\Documents\SAP\Projects\PEA\Automatical\reports\201706.dat
2017-08-10 23:22:27,552 - autoExportReport - INFO - start SAPGUI
2017-08-10 23:22:43,174 - autoExportReport - INFO - start exporting report of year month: 201707
2017-08-10 23:22:43,174 - autoExportReport - INFO - save Path: C:\Users\I310003\Documents\SAP\Projects\PEA\Automatical\reports\201707.dat
2017-08-10 23:22:43,182 - autoExportReport - INFO - start SAPGUI
2017-08-10 23:22:51,276 - autoExportReport - INFO - logon the DED ERP system
2017-08-10 23:22:57,453 - autoExportReport - INFO - Step confirm_logon completed!
2017-08-10 23:23:04,471 - autoExportReport - INFO - run the zglr003 report
2017-08-10 23:23:04,471 - autoExportReport - INFO - type in parameters for export reports
2017-08-10 23:23:10,399 - autoExportReport - INFO - waiting for report loading ...
2017-08-10 23:23:19,291 - autoExportReport - INFO - waiting for report loading ...
2017-08-10 23:23:28,217 - autoExportReport - INFO - waiting for report loading ...
2017-08-10 23:23:37,214 - autoExportReport - INFO - waiting for report loading ...
2017-08-10 23:23:46,433 - autoExportReport - INFO - Cost 0:00:41.951563to run the report.
2017-08-10 23:23:49,527 - autoExportReport - INFO - save report of 201707
2017-08-10 23:24:00,709 - autoExportReport - INFO - 201707.dat is the first time to export.
2017-08-10 23:48:04,878 - autoExportReport - INFO - start exporting report of year month: 201707
2017-08-10 23:48:04,878 - autoExportReport - INFO - save Path: C:\Users\I310003\Documents\SAP\Projects\PEA\Automatical\reports\201707.dat
2017-08-10 23:48:04,885 - autoExportReport - INFO - start SAPGUI
2017-08-10 23:48:13,026 - autoExportReport - INFO - logon the DED ERP system
2017-08-10 23:48:17,819 - autoExportReport - INFO - Waiting for Step confirm_logon complete ...
2017-08-10 23:48:19,044 - autoExportReport - INFO - Waiting for Step confirm_logon complete ...
2017-08-10 23:48:20,372 - autoExportReport - INFO - Waiting for Step confirm_logon complete ...
2017-08-10 23:48:21,677 - autoExportReport - INFO - Waiting for Step confirm_logon complete ...
2017-08-10 23:48:22,952 - autoExportReport - INFO - Waiting for Step confirm_logon complete ...
2017-08-10 23:48:24,656 - autoExportReport - INFO - Waiting for Step confirm_logon complete ...
2017-08-10 23:48:25,927 - autoExportReport - INFO - Waiting for Step confirm_logon complete ...
2017-08-10 23:48:27,228 - autoExportReport - INFO - Waiting for Step confirm_logon complete ...
2017-08-10 23:48:28,439 - autoExportReport - INFO - Waiting for Step confirm_logon complete ...
2017-08-10 23:48:29,668 - autoExportReport - INFO - Waiting for Step confirm_logon complete ...
2017-08-10 23:48:30,899 - autoExportReport - INFO - Waiting for Step confirm_logon complete ...
2017-08-10 23:48:32,213 - autoExportReport - INFO - Waiting for Step confirm_logon complete ...
2017-08-10 23:48:33,456 - autoExportReport - INFO - Waiting for Step confirm_logon complete ...
2017-08-10 23:48:34,687 - autoExportReport - INFO - Waiting for Step confirm_logon complete ...
2017-08-10 23:48:35,908 - autoExportReport - INFO - Waiting for Step confirm_logon complete ...
2017-08-10 23:48:37,132 - autoExportReport - INFO - Waiting for Step confirm_logon complete ...
2017-08-10 23:48:38,429 - autoExportReport - INFO - Waiting for Step confirm_logon complete ...
2017-08-10 23:48:39,654 - autoExportReport - INFO - Waiting for Step confirm_logon complete ...
2017-08-10 23:48:40,889 - autoExportReport - INFO - Waiting for Step confirm_logon complete ...
2017-08-10 23:48:42,124 - autoExportReport - INFO - Waiting for Step confirm_logon complete ...
2017-08-10 23:48:43,430 - autoExportReport - INFO - Waiting for Step confirm_logon complete ...
2017-08-10 23:48:44,811 - autoExportReport - INFO - Waiting for Step confirm_logon complete ...
2017-08-10 23:48:46,091 - autoExportReport - INFO - Waiting for Step confirm_logon complete ...
2017-08-10 23:48:47,313 - autoExportReport - INFO - Waiting for Step confirm_logon complete ...
2017-08-10 23:48:48,628 - autoExportReport - INFO - Waiting for Step confirm_logon complete ...
2017-08-10 23:48:49,859 - autoExportReport - INFO - Waiting for Step confirm_logon complete ...
2017-08-10 23:48:51,140 - autoExportReport - INFO - Waiting for Step confirm_logon complete ...
2017-08-10 23:48:52,360 - autoExportReport - INFO - Waiting for Step confirm_logon complete ...
2017-08-10 23:48:53,683 - autoExportReport - INFO - Waiting for Step confirm_logon complete ...
2017-08-10 23:48:54,923 - autoExportReport - INFO - Waiting for Step confirm_logon complete ...
2017-08-10 23:48:56,154 - autoExportReport - INFO - Waiting for Step confirm_logon complete ...
2017-08-10 23:48:57,406 - autoExportReport - INFO - Waiting for Step confirm_logon complete ...
2017-08-10 23:48:58,644 - autoExportReport - INFO - Waiting for Step confirm_logon complete ...
2017-08-10 23:48:59,913 - autoExportReport - INFO - Waiting for Step confirm_logon complete ...
2017-08-10 23:49:01,159 - autoExportReport - INFO - Waiting for Step confirm_logon complete ...
2017-08-10 23:49:02,376 - autoExportReport - INFO - Waiting for Step confirm_logon complete ...
2017-08-10 23:49:03,587 - autoExportReport - INFO - Waiting for Step confirm_logon complete ...
2017-08-10 23:49:04,891 - autoExportReport - INFO - Waiting for Step confirm_logon complete ...
2017-08-10 23:49:06,224 - autoExportReport - INFO - Waiting for Step confirm_logon complete ...
2017-08-10 23:49:07,447 - autoExportReport - INFO - Waiting for Step confirm_logon complete ...
2017-08-10 23:49:08,679 - autoExportReport - INFO - Waiting for Step confirm_logon complete ...
2017-08-10 23:49:09,984 - autoExportReport - INFO - Waiting for Step confirm_logon complete ...
2017-08-10 23:49:11,211 - autoExportReport - INFO - Waiting for Step confirm_logon complete ...
2017-08-10 23:49:12,451 - autoExportReport - INFO - Waiting for Step confirm_logon complete ...
2017-08-10 23:49:13,663 - autoExportReport - INFO - Waiting for Step confirm_logon complete ...
2017-08-10 23:49:14,941 - autoExportReport - INFO - Waiting for Step confirm_logon complete ...
2017-08-10 23:49:16,205 - autoExportReport - INFO - Waiting for Step confirm_logon complete ...
2017-08-10 23:49:17,423 - autoExportReport - INFO - Waiting for Step confirm_logon complete ...
2017-08-10 23:49:18,665 - autoExportReport - INFO - Waiting for Step confirm_logon complete ...
2017-08-10 23:49:19,889 - autoExportReport - INFO - Waiting for Step confirm_logon complete ...
2017-08-10 23:49:21,333 - autoExportReport - INFO - Waiting for Step confirm_logon complete ...
2017-08-10 23:49:22,568 - autoExportReport - INFO - Waiting for Step confirm_logon complete ...
2017-08-10 23:49:23,802 - autoExportReport - INFO - Waiting for Step confirm_logon complete ...
2017-08-10 23:49:25,440 - autoExportReport - INFO - Waiting for Step confirm_logon complete ...
2017-08-10 23:49:26,839 - autoExportReport - INFO - Waiting for Step confirm_logon complete ...
2017-08-10 23:49:28,060 - autoExportReport - INFO - Waiting for Step confirm_logon complete ...
2017-08-10 23:49:29,288 - autoExportReport - INFO - Waiting for Step confirm_logon complete ...
2017-08-10 23:49:30,509 - autoExportReport - INFO - Waiting for Step confirm_logon complete ...
2017-08-10 23:49:31,857 - autoExportReport - INFO - Waiting for Step confirm_logon complete ...
2017-08-10 23:49:33,126 - autoExportReport - INFO - Waiting for Step confirm_logon complete ...
2017-08-10 23:49:34,418 - autoExportReport - INFO - Waiting for Step confirm_logon complete ...
2017-08-10 23:49:35,735 - autoExportReport - INFO - Waiting for Step confirm_logon complete ...
2017-08-10 23:49:37,105 - autoExportReport - INFO - Waiting for Step confirm_logon complete ...
2017-08-10 23:49:38,345 - autoExportReport - INFO - Waiting for Step confirm_logon complete ...
2017-08-10 23:49:39,597 - autoExportReport - INFO - Waiting for Step confirm_logon complete ...
2017-08-10 23:49:40,856 - autoExportReport - INFO - Waiting for Step confirm_logon complete ...
2017-08-10 23:49:42,205 - autoExportReport - INFO - Waiting for Step confirm_logon complete ...
2017-08-10 23:49:43,452 - autoExportReport - INFO - Waiting for Step confirm_logon complete ...
2017-08-10 23:49:44,723 - autoExportReport - INFO - Waiting for Step confirm_logon complete ...
2017-08-10 23:49:45,990 - autoExportReport - INFO - Waiting for Step confirm_logon complete ...
2017-08-10 23:50:32,834 - autoExportReport - INFO - start exporting report of year month: 201707
2017-08-10 23:50:32,835 - autoExportReport - INFO - save Path: C:\Users\I310003\Documents\SAP\Projects\PEA\Automatical\reports\201707.dat
2017-08-10 23:50:32,840 - autoExportReport - INFO - start SAPGUI
2017-08-10 23:50:40,881 - autoExportReport - INFO - logon the DED ERP system
2017-08-10 23:50:45,627 - autoExportReport - INFO - Waiting for Step confirm_logon complete ...
2017-08-10 23:50:47,044 - autoExportReport - INFO - Waiting for Step confirm_logon complete ...
2017-08-10 23:50:48,311 - autoExportReport - INFO - Waiting for Step confirm_logon complete ...
2017-08-10 23:50:49,607 - autoExportReport - INFO - Waiting for Step confirm_logon complete ...
2017-08-10 23:50:50,948 - autoExportReport - INFO - Waiting for Step confirm_logon complete ...
2017-08-10 23:50:52,483 - autoExportReport - INFO - Waiting for Step confirm_logon complete ...
2017-08-10 23:50:53,801 - autoExportReport - INFO - Waiting for Step confirm_logon complete ...
2017-08-10 23:50:55,093 - autoExportReport - INFO - Waiting for Step confirm_logon complete ...
2017-08-10 23:50:56,529 - autoExportReport - INFO - Waiting for Step confirm_logon complete ...
2017-08-10 23:50:57,981 - autoExportReport - INFO - Waiting for Step confirm_logon complete ...
2017-08-10 23:50:59,261 - autoExportReport - INFO - Waiting for Step confirm_logon complete ...
2017-08-10 23:51:00,541 - autoExportReport - INFO - Waiting for Step confirm_logon complete ...
2017-08-10 23:51:01,844 - autoExportReport - INFO - Waiting for Step confirm_logon complete ...
2017-08-10 23:51:03,203 - autoExportReport - INFO - Waiting for Step confirm_logon complete ...
2017-08-10 23:51:04,506 - autoExportReport - INFO - Waiting for Step confirm_logon complete ...
2017-08-10 23:51:05,770 - autoExportReport - INFO - Waiting for Step confirm_logon complete ...
2017-08-10 23:51:07,025 - autoExportReport - INFO - Waiting for Step confirm_logon complete ...
2017-08-10 23:51:08,410 - autoExportReport - INFO - Waiting for Step confirm_logon complete ...
2017-08-10 23:51:09,699 - autoExportReport - INFO - Waiting for Step confirm_logon complete ...
2017-08-10 23:51:11,106 - autoExportReport - INFO - Waiting for Step confirm_logon complete ...
2017-08-10 23:51:12,404 - autoExportReport - INFO - Waiting for Step confirm_logon complete ...
2017-08-10 23:51:13,766 - autoExportReport - INFO - Waiting for Step confirm_logon complete ...
2017-08-10 23:51:15,051 - autoExportReport - INFO - Waiting for Step confirm_logon complete ...
2017-08-10 23:51:16,339 - autoExportReport - INFO - Waiting for Step confirm_logon complete ...
2017-08-10 23:51:17,638 - autoExportReport - INFO - Waiting for Step confirm_logon complete ...
2017-08-10 23:51:19,015 - autoExportReport - INFO - Waiting for Step confirm_logon complete ...
2017-08-10 23:51:20,288 - autoExportReport - INFO - Waiting for Step confirm_logon complete ...
2017-08-10 23:51:21,692 - autoExportReport - INFO - Waiting for Step confirm_logon complete ...
2017-08-10 23:51:22,974 - autoExportReport - INFO - Waiting for Step confirm_logon complete ...
2017-08-10 23:51:24,329 - autoExportReport - INFO - Waiting for Step confirm_logon complete ...
2017-08-10 23:51:25,607 - autoExportReport - INFO - Waiting for Step confirm_logon complete ...
2017-08-10 23:51:26,974 - autoExportReport - INFO - Waiting for Step confirm_logon complete ...
2017-08-10 23:51:28,654 - autoExportReport - INFO - Waiting for Step confirm_logon complete ...
2017-08-10 23:51:30,030 - autoExportReport - INFO - Waiting for Step confirm_logon complete ...
2017-08-10 23:51:31,520 - autoExportReport - INFO - Waiting for Step confirm_logon complete ...
2017-08-10 23:51:32,887 - autoExportReport - INFO - Waiting for Step confirm_logon complete ...
2017-08-10 23:51:34,501 - autoExportReport - INFO - Waiting for Step confirm_logon complete ...
2017-08-10 23:51:35,893 - autoExportReport - INFO - Waiting for Step confirm_logon complete ...
2017-08-10 23:51:37,228 - autoExportReport - INFO - Waiting for Step confirm_logon complete ...
2017-08-10 23:51:38,579 - autoExportReport - INFO - Waiting for Step confirm_logon complete ...
2017-08-10 23:51:39,980 - autoExportReport - INFO - Waiting for Step confirm_logon complete ...
2017-08-10 23:51:41,331 - autoExportReport - INFO - Waiting for Step confirm_logon complete ...
2017-08-10 23:52:09,390 - autoExportReport - INFO - start exporting report of year month: 201707
2017-08-10 23:52:09,390 - autoExportReport - INFO - save Path: C:\Users\I310003\Documents\SAP\Projects\PEA\Automatical\reports\201707.dat
2017-08-10 23:52:09,396 - autoExportReport - INFO - start SAPGUI
2017-08-10 23:52:17,453 - autoExportReport - INFO - logon the DED ERP system
2017-08-10 23:52:22,280 - autoExportReport - INFO - Waiting for Step confirm_logon complete ...
2017-08-10 23:52:23,646 - autoExportReport - INFO - Waiting for Step confirm_logon complete ...
2017-08-10 23:52:24,930 - autoExportReport - INFO - Waiting for Step confirm_logon complete ...
2017-08-10 23:52:26,225 - autoExportReport - INFO - Waiting for Step confirm_logon complete ...
2017-08-10 23:52:27,520 - autoExportReport - INFO - Waiting for Step confirm_logon complete ...
2017-08-10 23:52:29,428 - autoExportReport - INFO - Waiting for Step confirm_logon complete ...
2017-08-10 23:52:30,727 - autoExportReport - INFO - Waiting for Step confirm_logon complete ...
2017-08-10 23:52:32,111 - autoExportReport - INFO - Waiting for Step confirm_logon complete ...
2017-08-10 23:52:33,450 - autoExportReport - INFO - Waiting for Step confirm_logon complete ...
2017-08-10 23:52:34,804 - autoExportReport - INFO - Waiting for Step confirm_logon complete ...
2017-08-10 23:52:36,155 - autoExportReport - INFO - Waiting for Step confirm_logon complete ...
2017-08-10 23:52:37,451 - autoExportReport - INFO - Waiting for Step confirm_logon complete ...
2017-08-10 23:52:38,796 - autoExportReport - INFO - Waiting for Step confirm_logon complete ...
2017-08-10 23:53:18,423 - autoExportReport - INFO - start exporting report of year month: 201707
2017-08-10 23:53:18,423 - autoExportReport - INFO - save Path: C:\Users\I310003\Documents\SAP\Projects\PEA\Automatical\reports\201707.dat
2017-08-10 23:53:18,429 - autoExportReport - INFO - start SAPGUI
2017-08-10 23:53:26,500 - autoExportReport - INFO - logon the DED ERP system
2017-08-10 23:53:31,920 - autoExportReport - INFO - Waiting for Step confirm_logon complete ...
2017-08-10 23:53:33,318 - autoExportReport - INFO - Waiting for Step confirm_logon complete ...
2017-08-10 23:53:34,640 - autoExportReport - INFO - Waiting for Step confirm_logon complete ...
2017-08-10 23:53:35,950 - autoExportReport - INFO - Waiting for Step confirm_logon complete ...
2017-08-10 23:53:37,221 - autoExportReport - INFO - Waiting for Step confirm_logon complete ...
2017-08-10 23:53:38,589 - autoExportReport - INFO - Waiting for Step confirm_logon complete ...
2017-08-10 23:53:39,857 - autoExportReport - INFO - Waiting for Step confirm_logon complete ...
2017-08-10 23:53:41,154 - autoExportReport - INFO - Waiting for Step confirm_logon complete ...
2017-08-10 23:53:42,488 - autoExportReport - INFO - Waiting for Step confirm_logon complete ...
2017-08-10 23:53:43,840 - autoExportReport - INFO - Waiting for Step confirm_logon complete ...
2017-08-10 23:53:45,321 - autoExportReport - INFO - Waiting for Step confirm_logon complete ...
2017-08-10 23:53:46,638 - autoExportReport - INFO - Waiting for Step confirm_logon complete ...
2017-08-10 23:53:47,987 - autoExportReport - INFO - Waiting for Step confirm_logon complete ...
2017-08-10 23:53:49,372 - autoExportReport - INFO - Waiting for Step confirm_logon complete ...
2017-08-10 23:53:50,636 - autoExportReport - INFO - Waiting for Step confirm_logon complete ...
2017-08-10 23:53:51,915 - autoExportReport - INFO - Waiting for Step confirm_logon complete ...
2017-08-10 23:53:53,243 - autoExportReport - INFO - Waiting for Step confirm_logon complete ...
2017-08-10 23:53:54,580 - autoExportReport - INFO - Waiting for Step confirm_logon complete ...
2017-08-10 23:53:55,839 - autoExportReport - INFO - Waiting for Step confirm_logon complete ...
2017-08-11 12:21:09,785 - autoExportReport - INFO - start exporting report of year month: 201707
2017-08-11 12:21:09,787 - autoExportReport - INFO - save Path: C:\Users\I310003\Documents\SAP\Projects\PEA\Automatical\reports\201707.dat
2017-08-11 12:21:09,792 - autoExportReport - INFO - start SAPGUI
2017-08-11 12:21:17,886 - autoExportReport - INFO - logon the DED ERP system
2017-08-11 12:21:22,726 - autoExportReport - INFO - Waiting for Step c complete ...
2017-08-11 12:23:14,995 - autoExportReport - INFO - start exporting report of year month: 201707
2017-08-11 12:23:14,995 - autoExportReport - INFO - save Path: C:\Users\I310003\Documents\SAP\Projects\PEA\Automatical\reports\201707.dat
2017-08-11 12:23:15,001 - autoExportReport - INFO - start SAPGUI
2017-08-11 12:23:23,088 - autoExportReport - INFO - logon the DED ERP system
2017-08-11 12:23:27,998 - autoExportReport - INFO - Waiting for Step c complete ...
2017-08-11 12:26:31,378 - autoExportReport - INFO - start exporting report of year month: 201707
2017-08-11 12:26:31,378 - autoExportReport - INFO - save Path: C:\Users\I310003\Documents\SAP\Projects\PEA\Automatical\reports\201707.dat
2017-08-11 12:26:31,384 - autoExportReport - INFO - start SAPGUI
2017-08-11 12:26:39,519 - autoExportReport - INFO - logon the DED ERP system
2017-08-11 12:27:50,988 - autoExportReport - INFO - start exporting report of year month: 201707
2017-08-11 12:27:50,989 - autoExportReport - INFO - save Path: C:\Users\I310003\Documents\SAP\Projects\PEA\Automatical\reports\201707.dat
2017-08-11 12:27:50,994 - autoExportReport - INFO - start SAPGUI
2017-08-11 12:27:59,085 - autoExportReport - INFO - logon the DED ERP system
2017-08-11 12:28:03,813 - autoExportReport - INFO - Waiting for Step confirm_logon complete ...
2017-08-11 12:28:04,252 - autoExportReport - INFO - Step confirm_logon confirmed.
2017-08-11 12:28:11,258 - autoExportReport - INFO - run the zglr003 report
2017-08-11 12:28:11,259 - autoExportReport - INFO - type in parameters for export reports
2017-08-11 12:28:16,682 - autoExportReport - INFO - waiting for report loading ...
2017-08-11 12:28:25,204 - autoExportReport - INFO - waiting for report loading ...
2017-08-11 12:28:33,501 - autoExportReport - INFO - waiting for report loading ...
2017-08-11 12:29:01,833 - autoExportReport - INFO - start exporting report of year month: 201707
2017-08-11 12:29:01,834 - autoExportReport - INFO - save Path: C:\Users\I310003\Documents\SAP\Projects\PEA\Automatical\reports\201707.dat
2017-08-11 12:29:01,840 - autoExportReport - INFO - start SAPGUI
2017-08-11 12:29:09,887 - autoExportReport - INFO - logon the DED ERP system
2017-08-11 12:29:13,295 - autoExportReport - INFO - Waiting for Step confirm_logon complete ...
2017-08-11 12:29:14,436 - autoExportReport - INFO - Waiting for Step confirm_logon complete ...
2017-08-11 12:29:15,579 - autoExportReport - INFO - Waiting for Step confirm_logon complete ...
2017-08-11 12:29:16,752 - autoExportReport - INFO - Waiting for Step confirm_logon complete ...
2017-08-11 12:29:17,894 - autoExportReport - INFO - Waiting for Step confirm_logon complete ...
2017-08-11 12:29:19,042 - autoExportReport - INFO - Waiting for Step confirm_logon complete ...
2017-08-11 12:29:20,229 - autoExportReport - INFO - Waiting for Step confirm_logon complete ...
2017-08-11 12:29:21,368 - autoExportReport - INFO - Waiting for Step confirm_logon complete ...
2017-08-11 12:29:22,596 - autoExportReport - INFO - Waiting for Step confirm_logon complete ...
2017-08-11 12:29:23,740 - autoExportReport - INFO - Waiting for Step confirm_logon complete ...
2017-08-11 12:29:24,954 - autoExportReport - INFO - Waiting for Step confirm_logon complete ...
2017-08-11 12:29:26,197 - autoExportReport - INFO - Waiting for Step confirm_logon complete ...
2017-08-11 12:29:27,411 - autoExportReport - INFO - Waiting for Step confirm_logon complete ...
2017-08-11 12:29:28,563 - autoExportReport - INFO - Waiting for Step confirm_logon complete ...
2017-08-11 12:29:29,702 - autoExportReport - INFO - Waiting for Step confirm_logon complete ...
2017-08-11 12:29:30,857 - autoExportReport - INFO - Waiting for Step confirm_logon complete ...
2017-08-11 12:29:31,996 - autoExportReport - INFO - Waiting for Step confirm_logon complete ...
2017-08-11 12:29:33,162 - autoExportReport - INFO - Waiting for Step confirm_logon complete ...
2017-08-11 12:29:34,334 - autoExportReport - INFO - Waiting for Step confirm_logon complete ...
2017-08-11 12:29:35,488 - autoExportReport - INFO - Waiting for Step confirm_logon complete ...
2017-08-11 12:29:36,640 - autoExportReport - INFO - Waiting for Step confirm_logon complete ...
2017-08-11 12:29:37,839 - autoExportReport - INFO - Waiting for Step confirm_logon complete ...
2017-08-11 12:29:38,988 - autoExportReport - INFO - Waiting for Step confirm_logon complete ...
2017-08-11 12:29:40,135 - autoExportReport - INFO - Waiting for Step confirm_logon complete ...
2017-08-11 12:29:41,286 - autoExportReport - INFO - Waiting for Step confirm_logon complete ...
2017-08-11 12:29:42,496 - autoExportReport - INFO - Waiting for Step confirm_logon complete ...
2017-08-11 12:29:43,722 - autoExportReport - INFO - Waiting for Step confirm_logon complete ...
2017-08-11 12:29:44,917 - autoExportReport - INFO - Waiting for Step confirm_logon complete ...
2017-08-11 12:29:46,069 - autoExportReport - INFO - Waiting for Step confirm_logon complete ...
2017-08-11 12:29:47,222 - autoExportReport - INFO - Waiting for Step confirm_logon complete ...
2017-08-11 12:29:48,774 - autoExportReport - INFO - Waiting for Step confirm_logon complete ...
2017-08-11 12:29:50,037 - autoExportReport - INFO - Waiting for Step confirm_logon complete ...
2017-08-11 12:29:51,183 - autoExportReport - INFO - Waiting for Step confirm_logon complete ...
2017-08-11 12:29:52,349 - autoExportReport - INFO - Waiting for Step confirm_logon complete ...
2017-08-11 12:29:53,510 - autoExportReport - INFO - Waiting for Step confirm_logon complete ...
2017-08-11 12:29:54,738 - autoExportReport - INFO - Waiting for Step confirm_logon complete ...
2017-08-11 12:29:56,099 - autoExportReport - INFO - Waiting for Step confirm_logon complete ...
2017-08-11 12:29:57,705 - autoExportReport - INFO - Waiting for Step confirm_logon complete ...
2017-08-11 12:29:59,151 - autoExportReport - INFO - Waiting for Step confirm_logon complete ...
2017-08-11 12:30:00,370 - autoExportReport - INFO - Waiting for Step confirm_logon complete ...
2017-08-11 12:30:01,852 - autoExportReport - INFO - Waiting for Step confirm_logon complete ...
2017-08-11 12:30:03,041 - autoExportReport - INFO - Waiting for Step confirm_logon complete ...
2017-08-11 12:30:04,285 - autoExportReport - INFO - Waiting for Step confirm_logon complete ...
2017-08-11 12:30:05,465 - autoExportReport - INFO - Waiting for Step confirm_logon complete ...
2017-08-11 12:30:06,668 - autoExportReport - INFO - Waiting for Step confirm_logon complete ...
2017-08-11 12:30:07,860 - autoExportReport - INFO - Waiting for Step confirm_logon complete ...
2017-08-11 12:30:09,023 - autoExportReport - INFO - Waiting for Step confirm_logon complete ...
2017-08-11 12:30:10,237 - autoExportReport - INFO - Waiting for Step confirm_logon complete ...
2017-08-11 12:30:11,398 - autoExportReport - INFO - Waiting for Step confirm_logon complete ...
2017-08-11 12:30:12,570 - autoExportReport - INFO - Waiting for Step confirm_logon complete ...
2017-08-11 12:30:13,722 - autoExportReport - INFO - Waiting for Step confirm_logon complete ...
2017-08-11 12:30:14,924 - autoExportReport - INFO - Waiting for Step confirm_logon complete ...
2017-08-11 12:30:16,132 - autoExportReport - INFO - Waiting for Step confirm_logon complete ...
2017-08-11 12:30:17,291 - autoExportReport - INFO - Waiting for Step confirm_logon complete ...
2017-08-11 12:30:18,463 - autoExportReport - INFO - Waiting for Step confirm_logon complete ...
2017-08-11 12:30:19,605 - autoExportReport - INFO - Waiting for Step confirm_logon complete ...
2017-08-11 12:30:20,838 - autoExportReport - INFO - Waiting for Step confirm_logon complete ...
2017-08-11 12:30:22,023 - autoExportReport - INFO - Waiting for Step confirm_logon complete ...
2017-08-11 12:30:23,279 - autoExportReport - INFO - Waiting for Step confirm_logon complete ...
2017-08-11 12:30:24,519 - autoExportReport - INFO - Waiting for Step confirm_logon complete ...
2017-08-11 12:30:25,962 - autoExportReport - INFO - Step confirm_logon time out!
2017-08-11 12:30:32,962 - autoExportReport - INFO - run the zglr003 report
2017-08-11 12:30:32,962 - autoExportReport - INFO - type in parameters for export reports
2017-08-11 12:30:37,630 - autoExportReport - INFO - waiting for report loading ...
2017-08-11 12:30:45,289 - autoExportReport - INFO - waiting for report loading ...
2017-08-11 12:30:53,446 - autoExportReport - INFO - waiting for report loading ...
2017-08-11 12:31:02,138 - autoExportReport - INFO - waiting for report loading ...
2017-08-11 12:31:11,375 - autoExportReport - INFO - waiting for report loading ...
2017-08-11 12:31:19,098 - autoExportReport - INFO - waiting for report loading ...
2017-08-11 12:31:27,139 - autoExportReport - INFO - waiting for report loading ...
2017-08-11 12:31:35,093 - autoExportReport - INFO - waiting for report loading ...
2017-08-11 12:31:42,856 - autoExportReport - INFO - waiting for report loading ...
2017-08-11 12:31:51,494 - autoExportReport - INFO - waiting for report loading ...
2017-08-11 12:33:39,031 - autoExportReport - INFO - start exporting report of year month: 201707
2017-08-11 12:33:39,032 - autoExportReport - INFO - save Path: C:\Users\I310003\Documents\SAP\Projects\PEA\Automatical\reports\201707.dat
2017-08-11 12:33:39,037 - autoExportReport - INFO - start SAPGUI
2017-08-11 12:33:47,133 - autoExportReport - INFO - logon the DED ERP system
2017-08-11 12:33:50,582 - autoExportReport - INFO - Waiting for Step confirm_logon complete ...
2017-08-11 12:33:51,780 - autoExportReport - INFO - Waiting for Step confirm_logon complete ...
2017-08-11 12:33:53,359 - autoExportReport - INFO - Waiting for Step confirm_logon complete ...
2017-08-11 12:33:54,683 - autoExportReport - INFO - Waiting for Step confirm_logon complete ...
2017-08-11 12:33:55,892 - autoExportReport - INFO - Waiting for Step confirm_logon complete ...
2017-08-11 12:33:57,123 - autoExportReport - INFO - Waiting for Step confirm_logon complete ...
2017-08-11 12:33:58,425 - autoExportReport - INFO - Waiting for Step confirm_logon complete ...
2017-08-11 12:33:59,798 - autoExportReport - INFO - Waiting for Step confirm_logon complete ...
2017-08-11 12:34:00,954 - autoExportReport - INFO - Waiting for Step confirm_logon complete ...
2017-08-11 12:34:02,144 - autoExportReport - INFO - Waiting for Step confirm_logon complete ...
2017-08-11 12:34:03,342 - autoExportReport - INFO - Waiting for Step confirm_logon complete ...
2017-08-11 12:34:04,580 - autoExportReport - INFO - Waiting for Step confirm_logon complete ...
2017-08-11 12:34:05,829 - autoExportReport - INFO - Waiting for Step confirm_logon complete ...
2017-08-11 12:34:07,236 - autoExportReport - INFO - Waiting for Step confirm_logon complete ...
2017-08-11 12:34:08,401 - autoExportReport - INFO - Waiting for Step confirm_logon complete ...
2017-08-11 12:34:09,617 - autoExportReport - INFO - Waiting for Step confirm_logon complete ...
2017-08-11 12:34:10,776 - autoExportReport - INFO - Waiting for Step confirm_logon complete ...
2017-08-11 12:34:11,935 - autoExportReport - INFO - Waiting for Step confirm_logon complete ...
2017-08-11 12:34:13,113 - autoExportReport - INFO - Waiting for Step confirm_logon complete ...
2017-08-11 12:34:14,344 - autoExportReport - INFO - Waiting for Step confirm_logon complete ...
2017-08-11 12:34:15,658 - autoExportReport - INFO - Waiting for Step confirm_logon complete ...
2017-08-11 12:34:16,909 - autoExportReport - INFO - Waiting for Step confirm_logon complete ...
2017-08-11 12:34:18,268 - autoExportReport - INFO - Waiting for Step confirm_logon complete ...
2017-08-11 12:34:19,473 - autoExportReport - INFO - Waiting for Step confirm_logon complete ...
2017-08-11 12:34:20,784 - autoExportReport - INFO - Waiting for Step confirm_logon complete ...
2017-08-11 12:34:22,206 - autoExportReport - INFO - Waiting for Step confirm_logon complete ...
2017-08-11 12:34:23,416 - autoExportReport - INFO - Waiting for Step confirm_logon complete ...
2017-08-11 12:34:24,653 - autoExportReport - INFO - Waiting for Step confirm_logon complete ...
2017-08-11 12:34:25,920 - autoExportReport - INFO - Waiting for Step confirm_logon complete ...
2017-08-11 12:34:27,137 - autoExportReport - INFO - Waiting for Step confirm_logon complete ...
2017-08-11 12:34:28,393 - autoExportReport - INFO - Waiting for Step confirm_logon complete ...
2017-08-11 12:34:29,651 - autoExportReport - INFO - Waiting for Step confirm_logon complete ...
2017-08-11 12:34:30,858 - autoExportReport - INFO - Waiting for Step confirm_logon complete ...
2017-08-11 12:34:32,022 - autoExportReport - INFO - Waiting for Step confirm_logon complete ...
2017-08-11 12:34:33,444 - autoExportReport - INFO - Waiting for Step confirm_logon complete ...
2017-08-11 12:34:34,707 - autoExportReport - INFO - Waiting for Step confirm_logon complete ...
2017-08-11 12:34:35,950 - autoExportReport - INFO - Waiting for Step confirm_logon complete ...
2017-08-11 12:34:37,133 - autoExportReport - INFO - Waiting for Step confirm_logon complete ...
2017-08-11 12:34:38,381 - autoExportReport - INFO - Waiting for Step confirm_logon complete ...
2017-08-11 12:34:39,563 - autoExportReport - INFO - Waiting for Step confirm_logon complete ...
2017-08-11 12:34:40,882 - autoExportReport - INFO - Waiting for Step confirm_logon complete ...
2017-08-11 12:34:42,103 - autoExportReport - INFO - Waiting for Step confirm_logon complete ...
2017-08-11 12:34:43,282 - autoExportReport - INFO - Waiting for Step confirm_logon complete ...
2017-08-11 12:34:44,489 - autoExportReport - INFO - Waiting for Step confirm_logon complete ...
2017-08-11 12:34:45,659 - autoExportReport - INFO - Waiting for Step confirm_logon complete ...
2017-08-11 12:34:46,892 - autoExportReport - INFO - Waiting for Step confirm_logon complete ...
2017-08-11 12:34:48,075 - autoExportReport - INFO - Waiting for Step confirm_logon complete ...
2017-08-11 12:34:49,248 - autoExportReport - INFO - Waiting for Step confirm_logon complete ...
2017-08-11 12:34:50,472 - autoExportReport - INFO - Waiting for Step confirm_logon complete ...
2017-08-11 12:34:51,700 - autoExportReport - INFO - Waiting for Step confirm_logon complete ...
2017-08-11 12:34:52,913 - autoExportReport - INFO - Waiting for Step confirm_logon complete ...
2017-08-11 12:34:54,581 - autoExportReport - INFO - Waiting for Step confirm_logon complete ...
2017-08-11 12:34:56,123 - autoExportReport - INFO - Waiting for Step confirm_logon complete ...
2017-08-11 12:34:57,527 - autoExportReport - INFO - Waiting for Step confirm_logon complete ...
2017-08-11 12:34:58,900 - autoExportReport - INFO - Waiting for Step confirm_logon complete ...
2017-08-11 12:35:00,402 - autoExportReport - INFO - Waiting for Step confirm_logon complete ...
2017-08-11 12:35:01,635 - autoExportReport - INFO - Waiting for Step confirm_logon complete ...
2017-08-11 12:35:02,844 - autoExportReport - INFO - Waiting for Step confirm_logon complete ...
2017-08-11 12:35:03,995 - autoExportReport - INFO - Waiting for Step confirm_logon complete ...
2017-08-11 12:35:05,151 - autoExportReport - INFO - Waiting for Step confirm_logon complete ...
2017-08-11 12:35:06,344 - autoExportReport - INFO - Step confirm_logon time out!
2017-08-11 17:52:37,480 - autoExportReport - INFO - start exporting report of year month: 201707
2017-08-11 17:52:37,481 - autoExportReport - INFO - save Path: C:\Users\I310003\Documents\SAP\Projects\PEA\Automatical\reports\201707.dat
2017-08-11 17:52:37,488 - autoExportReport - INFO - start SAPGUI
2017-08-11 17:52:45,569 - autoExportReport - INFO - logon the DED ERP system
2017-08-11 17:52:50,581 - autoExportReport - INFO - Waiting for Step confirm_logon complete ...
2017-08-11 17:52:51,924 - autoExportReport - INFO - Waiting for Step confirm_logon complete ...
2017-08-11 17:52:53,273 - autoExportReport - INFO - Waiting for Step confirm_logon complete ...
2017-08-11 17:52:54,686 - autoExportReport - INFO - Waiting for Step confirm_logon complete ...
2017-08-11 17:52:56,082 - autoExportReport - INFO - Waiting for Step confirm_logon complete ...
2017-08-11 17:52:57,505 - autoExportReport - INFO - Waiting for Step confirm_logon complete ...
2017-08-11 17:52:58,985 - autoExportReport - INFO - Waiting for Step confirm_logon complete ...
2017-08-11 17:53:00,390 - autoExportReport - INFO - Waiting for Step confirm_logon complete ...
2017-08-11 17:53:01,735 - autoExportReport - INFO - Waiting for Step confirm_logon complete ...
2017-08-11 17:53:03,057 - autoExportReport - INFO - Waiting for Step confirm_logon complete ...
2017-08-11 17:53:04,376 - autoExportReport - INFO - Waiting for Step confirm_logon complete ...
2017-08-11 17:53:05,749 - autoExportReport - INFO - Waiting for Step confirm_logon complete ...
2017-08-11 17:53:07,087 - autoExportReport - INFO - Waiting for Step confirm_logon complete ...
2017-08-11 17:53:08,551 - autoExportReport - INFO - Waiting for Step confirm_logon complete ...
2017-08-11 17:53:10,051 - autoExportReport - INFO - Waiting for Step confirm_logon complete ...
2017-08-11 17:53:11,410 - autoExportReport - INFO - Waiting for Step confirm_logon complete ...
2017-08-11 20:13:00,247 - autoExportReport - INFO - start exporting report of year month: 201707
2017-08-11 20:13:00,248 - autoExportReport - INFO - save Path: D:\FI\data\erp\201707.dat
2017-08-11 20:13:00,253 - autoExportReport - INFO - start SAPGUI
2017-08-11 20:16:22,713 - autoExportReport - INFO - start exporting report of year month: 201707
2017-08-11 20:16:22,713 - autoExportReport - INFO - save Path: D:\FI\data\erp\201707.dat
2017-08-11 20:16:22,718 - autoExportReport - INFO - start SAPGUI
2017-08-11 20:17:02,925 - autoExportReport - INFO - start exporting report of year month: 201501
2017-08-11 20:17:02,925 - autoExportReport - INFO - save Path: D:\FI\data\erp\201501.dat
2017-08-11 20:17:02,930 - autoExportReport - INFO - start SAPGUI
2017-08-11 20:17:29,496 - autoExportReport - INFO - start exporting report of year month: 201501
2017-08-11 20:17:29,497 - autoExportReport - INFO - save Path: C:\Users\I310003\Documents\SAP\Projects\PEA\Automatical\reports\201501.dat
2017-08-11 20:17:29,503 - autoExportReport - INFO - start SAPGUI
2017-08-11 20:17:53,536 - autoExportReport - INFO - logon the PED ERP system
2017-08-11 20:17:58,373 - autoExportReport - INFO - Waiting for Step confirm_logon complete ...
2017-08-11 20:17:58,833 - autoExportReport - INFO - Step confirm_logon confirmed.
2017-08-11 20:18:11,839 - autoExportReport - INFO - run the zglr003 report
2017-08-11 20:18:11,839 - autoExportReport - INFO - type in parameters for export reports
2017-08-11 20:18:49,403 - autoExportReport - INFO - waiting for report loading ...
2017-08-11 20:18:57,941 - autoExportReport - INFO - waiting for report loading ...
2017-08-11 20:19:06,514 - autoExportReport - INFO - waiting for report loading ...
2017-08-11 20:19:15,206 - autoExportReport - INFO - waiting for report loading ...
2017-08-11 20:19:23,845 - autoExportReport - INFO - waiting for report loading ...
2017-08-11 20:19:32,612 - autoExportReport - INFO - waiting for report loading ...
2017-08-11 20:19:41,771 - autoExportReport - INFO - waiting for report loading ...
2017-08-11 20:19:50,347 - autoExportReport - INFO - waiting for report loading ...
2017-08-11 20:19:58,905 - autoExportReport - INFO - waiting for report loading ...
2017-08-11 20:20:07,497 - autoExportReport - INFO - waiting for report loading ...
2017-08-11 20:20:16,194 - autoExportReport - INFO - waiting for report loading ...
2017-08-11 20:20:24,779 - autoExportReport - INFO - waiting for report loading ...
2017-08-11 20:20:33,419 - autoExportReport - INFO - waiting for report loading ...
2017-08-11 20:20:42,590 - autoExportReport - INFO - waiting for report loading ...
2017-08-11 20:20:51,229 - autoExportReport - INFO - waiting for report loading ...
2017-08-11 20:20:59,932 - autoExportReport - INFO - waiting for report loading ...
2017-08-11 20:21:08,502 - autoExportReport - INFO - waiting for report loading ...
2017-08-11 20:21:17,313 - autoExportReport - INFO - waiting for report loading ...
2017-08-11 20:21:20,749 - autoExportReport - INFO - Cost 0:02:36.886500to run the report.
2017-08-11 20:21:57,864 - autoExportReport - INFO - save report of 201501
2017-08-11 20:22:03,000 - autoExportReport - INFO - 201501.dat already exist2.
2017-08-11 20:22:36,019 - autoExportReport - INFO - close SAPGUI
2017-08-11 20:22:36,020 - autoExportReport - INFO - start exporting report of year month: 201502
2017-08-11 20:22:36,020 - autoExportReport - INFO - save Path: C:\Users\I310003\Documents\SAP\Projects\PEA\Automatical\reports\201502.dat
2017-08-11 20:22:36,026 - autoExportReport - INFO - start SAPGUI
2017-08-11 21:22:00,203 - autoExportReport - INFO - start exporting report of year month: 201707
2017-08-11 21:22:00,204 - autoExportReport - INFO - save Path: C:\Users\I310003\Documents\SAP\Projects\PEA\Automatical\reports\201707.dat
2017-08-11 21:22:00,210 - autoExportReport - INFO - start SAPGUI
2017-08-11 21:23:05,247 - autoExportReport - INFO - logon the DED ERP system
2017-08-11 21:23:11,032 - autoExportReport - INFO - Waiting for Step confirm_logon complete ...
2017-08-11 21:23:12,860 - autoExportReport - INFO - Waiting for Step confirm_logon_1 complete ...
2017-08-11 21:23:14,550 - autoExportReport - INFO - Waiting for Step confirm_logon_2 complete ...
2017-08-11 21:23:16,045 - autoExportReport - INFO - Waiting for Step confirm_logon_3 complete ...
2017-08-11 21:23:17,735 - autoExportReport - INFO - Waiting for Step confirm_logon_4 complete ...
2017-08-11 21:23:19,287 - autoExportReport - INFO - Waiting for Step confirm_logon complete ...
2017-08-11 21:23:20,774 - autoExportReport - INFO - Waiting for Step confirm_logon_1 complete ...
2017-08-11 21:23:22,177 - autoExportReport - INFO - Waiting for Step confirm_logon_2 complete ...
2017-08-11 21:23:23,470 - autoExportReport - INFO - Waiting for Step confirm_logon_3 complete ...
2017-08-11 21:23:25,053 - autoExportReport - INFO - Waiting for Step confirm_logon_4 complete ...
2017-08-11 21:23:26,590 - autoExportReport - INFO - Waiting for Step confirm_logon complete ...
2017-08-11 21:23:28,161 - autoExportReport - INFO - Waiting for Step confirm_logon_1 complete ...
2017-08-11 21:23:29,725 - autoExportReport - INFO - Waiting for Step confirm_logon_2 complete ...
2017-08-11 21:23:31,440 - autoExportReport - INFO - Waiting for Step confirm_logon_3 complete ...
2017-08-11 21:23:33,012 - autoExportReport - INFO - Waiting for Step confirm_logon_4 complete ...
2017-08-11 21:23:34,554 - autoExportReport - INFO - Waiting for Step confirm_logon complete ...
2017-08-11 21:23:36,356 - autoExportReport - INFO - Waiting for Step confirm_logon_1 complete ...
2017-08-11 21:23:37,936 - autoExportReport - INFO - Waiting for Step confirm_logon_2 complete ...
2017-08-11 21:23:39,492 - autoExportReport - INFO - Waiting for Step confirm_logon_3 complete ...
2017-08-11 21:23:41,236 - autoExportReport - INFO - Waiting for Step confirm_logon_4 complete ...
2017-08-11 21:23:42,798 - autoExportReport - INFO - Waiting for Step confirm_logon complete ...
2017-08-11 21:23:44,372 - autoExportReport - INFO - Waiting for Step confirm_logon_1 complete ...
2017-08-11 21:23:46,598 - autoExportReport - INFO - Waiting for Step confirm_logon_2 complete ...
2017-08-11 21:23:48,201 - autoExportReport - INFO - Waiting for Step confirm_logon_3 complete ...
2017-08-11 21:23:49,741 - autoExportReport - INFO - Waiting for Step confirm_logon_4 complete ...
2017-08-11 21:23:51,540 - autoExportReport - INFO - Waiting for Step confirm_logon complete ...
2017-08-11 21:23:53,447 - autoExportReport - INFO - Waiting for Step confirm_logon_1 complete ...
2017-08-11 21:23:55,019 - autoExportReport - INFO - Waiting for Step confirm_logon_2 complete ...
2017-08-11 21:23:56,549 - autoExportReport - INFO - Waiting for Step confirm_logon_3 complete ...
2017-08-11 21:23:58,282 - autoExportReport - INFO - Waiting for Step confirm_logon_4 complete ...
2017-08-11 21:23:59,862 - autoExportReport - INFO - Waiting for Step confirm_logon complete ...
2017-08-11 21:24:01,739 - autoExportReport - INFO - Waiting for Step confirm_logon_1 complete ...
2017-08-11 21:24:03,513 - autoExportReport - INFO - Waiting for Step confirm_logon_2 complete ...
2017-08-11 21:24:05,078 - autoExportReport - INFO - Waiting for Step confirm_logon_3 complete ...
2017-08-11 21:24:06,676 - autoExportReport - INFO - Waiting for Step confirm_logon_4 complete ...
2017-08-11 21:24:08,415 - autoExportReport - INFO - Waiting for Step confirm_logon complete ...
2017-08-11 21:24:10,003 - autoExportReport - INFO - Waiting for Step confirm_logon_1 complete ...
2017-08-11 21:24:11,668 - autoExportReport - INFO - Waiting for Step confirm_logon_2 complete ...
2017-08-11 21:24:13,525 - autoExportReport - INFO - Waiting for Step confirm_logon_3 complete ...
2017-08-11 21:24:15,262 - autoExportReport - INFO - Waiting for Step confirm_logon_4 complete ...
2017-08-11 21:24:16,837 - autoExportReport - INFO - Waiting for Step confirm_logon complete ...
2017-08-11 21:24:18,491 - autoExportReport - INFO - Waiting for Step confirm_logon_1 complete ...
2017-08-11 21:24:20,341 - autoExportReport - INFO - Waiting for Step confirm_logon_2 complete ...
2017-08-11 21:24:30,334 - autoExportReport - INFO - start exporting report of year month: 201707
2017-08-11 21:24:30,334 - autoExportReport - INFO - save Path: C:\Users\I310003\Documents\SAP\Projects\PEA\Automatical\reports\201707.dat
2017-08-11 21:24:30,340 - autoExportReport - INFO - start SAPGUI
2017-08-12 01:26:19,848 - util - ERROR - Cannot send email!
2017-08-12 01:29:43,768 - util - ERROR - LastMonth report file D:\FI\data\erp\\201707.DAT exist
2017-08-12 01:30:04,781 - util - ERROR - Cannot send email!
2017-08-12 01:35:30,080 - util - ERROR - LastMonth report file D:\FI\data\erp\\201707.DAT not exist
2017-08-12 01:35:51,094 - util - ERROR - Cannot send email!
2017-08-12 02:42:12,863 - util - ERROR - LastMonth report file D:\FI\data\erp\\201707.DAT not exist
2017-08-28 20:05:55,408 - autoExportReport - INFO - start exporting report of year month: 201707
2017-08-28 20:05:55,411 - autoExportReport - INFO - save Path: D:\FI\data\erp\201707.dat
2017-08-28 20:05:55,427 - autoExportReport - INFO - start SAPGUI
2017-08-29 12:03:03,726 - autoExportReport - INFO - start exporting report of year month: 201707
2017-08-29 12:03:03,727 - autoExportReport - INFO - save Path: D:\FI\data\erp\201707.dat
2017-08-29 12:03:03,733 - autoExportReport - INFO - start SAPGUI
2017-09-02 20:39:16,443 - autoExportReport - INFO - start exporting report of year month: 201708
2017-09-02 20:39:16,444 - autoExportReport - INFO - save Path: D:\FI\data\erp\201708.dat
2017-09-02 20:39:16,454 - autoExportReport - INFO - start SAPGUI
2017-09-02 20:39:52,474 - autoExportReport - INFO - enter PED system
